# JRE version: OpenJDK Runtime Environment (8.0_212-b01) (build 1.8.0_212-8u212-b01-1~deb9u1-b01)
# Java VM: OpenJDK 64-Bit Server VM (25.212-b01 mixed mode linux-amd64 compressed oops)
Heap:
 PSYoungGen      total 621056K, used 523910K [0x00000000d5580000, 0x0000000100000000, 0x0000000100000000)
  eden space 546304K, 95% used [0x00000000d5580000,0x00000000f5521b70,0x00000000f6b00000)
  from space 74752K, 0% used [0x00000000f6b00000,0x00000000f6b00000,0x00000000fb400000)
  to   space 77824K, 0% used [0x00000000fb400000,0x00000000fb400000,0x0000000100000000)
 ParOldGen       total 553472K, used 305047K [0x0000000080000000, 0x00000000a1c80000, 0x00000000d5580000)
  object space 553472K, 55% used [0x0000000080000000,0x00000000929e5c10,0x00000000a1c80000)
 Metaspace       used 194705K, capacity 213957K, committed 214164K, reserved 1236992K
  class space    used 23803K, capacity 26706K, committed 26812K, reserved 1048576K
GC Heap History (10 events):
Event: 428.520 GC heap before
{Heap before GC invocations=38 (full 12):
 PSYoungGen      total 612864K, used 552379K [0x00000000d5580000, 0x00000000ffc00000, 0x0000000100000000)
  eden space 526848K, 100% used [0x00000000d5580000,0x00000000f5800000,0x00000000f5800000)
  from space 86016K, 29% used [0x00000000f5800000,0x00000000f70eec50,0x00000000fac00000)
  to   space 80896K, 0% used [0x00000000fad00000,0x00000000fad00000,0x00000000ffc00000)
 ParOldGen       total 371712K, used 225073K [0x0000000080000000, 0x0000000096b00000, 0x00000000d5580000)
  object space 371712K, 60% used [0x0000000080000000,0x000000008dbcc540,0x0000000096b00000)
 Metaspace       used 144088K, capacity 157955K, committed 158228K, reserved 1187840K
  class space    used 17625K, capacity 20205K, committed 20284K, reserved 1048576K
Event: 428.539 GC heap after
Heap after GC invocations=38 (full 12):
 PSYoungGen      total 605696K, used 15949K [0x00000000d5580000, 0x00000000ff500000, 0x0000000100000000)
  eden space 531968K, 0% used [0x00000000d5580000,0x00000000d5580000,0x00000000f5d00000)
  from space 73728K, 21% used [0x00000000fad00000,0x00000000fbc93670,0x00000000ff500000)
  to   space 77824K, 0% used [0x00000000f5d00000,0x00000000f5d00000,0x00000000fa900000)
 ParOldGen       total 371712K, used 239980K [0x0000000080000000, 0x0000000096b00000, 0x00000000d5580000)
  object space 371712K, 64% used [0x0000000080000000,0x000000008ea5b3e8,0x0000000096b00000)
 Metaspace       used 144088K, capacity 157955K, committed 158228K, reserved 1187840K
  class space    used 17625K, capacity 20205K, committed 20284K, reserved 1048576K
}
Event: 663.885 GC heap before
{Heap before GC invocations=39 (full 12):
 PSYoungGen      total 605696K, used 547917K [0x00000000d5580000, 0x00000000ff500000, 0x0000000100000000)
  eden space 531968K, 100% used [0x00000000d5580000,0x00000000f5d00000,0x00000000f5d00000)
  from space 73728K, 21% used [0x00000000fad00000,0x00000000fbc93670,0x00000000ff500000)
  to   space 77824K, 0% used [0x00000000f5d00000,0x00000000f5d00000,0x00000000fa900000)
 ParOldGen       total 371712K, used 239980K [0x0000000080000000, 0x0000000096b00000, 0x00000000d5580000)
  object space 371712K, 64% used [0x0000000080000000,0x000000008ea5b3e8,0x0000000096b00000)
 Metaspace       used 146778K, capacity 161279K, committed 161300K, reserved 1189888K
  class space    used 17903K, capacity 20539K, committed 20540K, reserved 1048576K
Event: 663.909 GC heap after
Heap after GC invocations=39 (full 12):
 PSYoungGen      total 609792K, used 13699K [0x00000000d5580000, 0x00000000ffe00000, 0x0000000100000000)
  eden space 531968K, 0% used [0x00000000d5580000,0x00000000d5580000,0x00000000f5d00000)
  from space 77824K, 17% used [0x00000000f5d00000,0x00000000f6a60f00,0x00000000fa900000)
  to   space 74752K, 0% used [0x00000000fb500000,0x00000000fb500000,0x00000000ffe00000)
 ParOldGen       total 371712K, used 239988K [0x0000000080000000, 0x0000000096b00000, 0x00000000d5580000)
  object space 371712K, 64% used [0x0000000080000000,0x000000008ea5d3e8,0x0000000096b00000)
 Metaspace       used 146778K, capacity 161279K, committed 161300K, reserved 1189888K
  class space    used 17903K, capacity 20539K, committed 20540K, reserved 1048576K
}
Event: 750.037 GC heap before
{Heap before GC invocations=40 (full 12):
 PSYoungGen      total 609792K, used 545667K [0x00000000d5580000, 0x00000000ffe00000, 0x0000000100000000)
  eden space 531968K, 100% used [0x00000000d5580000,0x00000000f5d00000,0x00000000f5d00000)
  from space 77824K, 17% used [0x00000000f5d00000,0x00000000f6a60f00,0x00000000fa900000)
  to   space 74752K, 0% used [0x00000000fb500000,0x00000000fb500000,0x00000000ffe00000)
 ParOldGen       total 371712K, used 239988K [0x0000000080000000, 0x0000000096b00000, 0x00000000d5580000)
  object space 371712K, 64% used [0x0000000080000000,0x000000008ea5d3e8,0x0000000096b00000)
 Metaspace       used 152302K, capacity 166865K, committed 167060K, reserved 1196032K
  class space    used 18466K, capacity 21126K, committed 21180K, reserved 1048576K
Event: 750.056 GC heap after
Heap after GC invocations=40 (full 12):
 PSYoungGen      total 620032K, used 38502K [0x00000000d5580000, 0x00000000ffd00000, 0x0000000100000000)
  eden space 546304K, 0% used [0x00000000d5580000,0x00000000d5580000,0x00000000f6b00000)
  from space 73728K, 52% used [0x00000000fb500000,0x00000000fda999e0,0x00000000ffd00000)
  to   space 74752K, 0% used [0x00000000f6b00000,0x00000000f6b00000,0x00000000fb400000)
 ParOldGen       total 371712K, used 239996K [0x0000000080000000, 0x0000000096b00000, 0x00000000d5580000)
  object space 371712K, 64% used [0x0000000080000000,0x000000008ea5f3e8,0x0000000096b00000)
 Metaspace       used 152302K, capacity 166865K, committed 167060K, reserved 1196032K
  class space    used 18466K, capacity 21126K, committed 21180K, reserved 1048576K
}
Event: 796.707 GC heap before
{Heap before GC invocations=41 (full 12):
 PSYoungGen      total 620032K, used 530745K [0x00000000d5580000, 0x00000000ffd00000, 0x0000000100000000)
  eden space 546304K, 90% used [0x00000000d5580000,0x00000000f3634cb0,0x00000000f6b00000)
  from space 73728K, 52% used [0x00000000fb500000,0x00000000fda999e0,0x00000000ffd00000)
  to   space 74752K, 0% used [0x00000000f6b00000,0x00000000f6b00000,0x00000000fb400000)
 ParOldGen       total 371712K, used 239996K [0x0000000080000000, 0x0000000096b00000, 0x00000000d5580000)
  object space 371712K, 64% used [0x0000000080000000,0x000000008ea5f3e8,0x0000000096b00000)
 Metaspace       used 175337K, capacity 190955K, committed 191180K, reserved 1216512K
  class space    used 21458K, capacity 24267K, committed 24380K, reserved 1048576K
Event: 796.744 GC heap after
Heap after GC invocations=41 (full 12):
 PSYoungGen      total 621056K, used 74727K [0x00000000d5580000, 0x0000000100000000, 0x0000000100000000)
  eden space 546304K, 0% used [0x00000000d5580000,0x00000000d5580000,0x00000000f6b00000)
  from space 74752K, 99% used [0x00000000f6b00000,0x00000000fb3f9c88,0x00000000fb400000)
  to   space 77824K, 0% used [0x00000000fb400000,0x00000000fb400000,0x0000000100000000)
 ParOldGen       total 371712K, used 245455K [0x0000000080000000, 0x0000000096b00000, 0x00000000d5580000)
  object space 371712K, 66% used [0x0000000080000000,0x000000008efb3f00,0x0000000096b00000)
 Metaspace       used 175337K, capacity 190955K, committed 191180K, reserved 1216512K
  class space    used 21458K, capacity 24267K, committed 24380K, reserved 1048576K
}
Event: 796.744 GC heap before
{Heap before GC invocations=42 (full 13):
 PSYoungGen      total 621056K, used 74727K [0x00000000d5580000, 0x0000000100000000, 0x0000000100000000)
  eden space 546304K, 0% used [0x00000000d5580000,0x00000000d5580000,0x00000000f6b00000)
  from space 74752K, 99% used [0x00000000f6b00000,0x00000000fb3f9c88,0x00000000fb400000)
  to   space 77824K, 0% used [0x00000000fb400000,0x00000000fb400000,0x0000000100000000)
 ParOldGen       total 371712K, used 245455K [0x0000000080000000, 0x0000000096b00000, 0x00000000d5580000)
  object space 371712K, 66% used [0x0000000080000000,0x000000008efb3f00,0x0000000096b00000)
 Metaspace       used 175337K, capacity 190955K, committed 191180K, reserved 1216512K
  class space    used 21458K, capacity 24267K, committed 24380K, reserved 1048576K
Event: 797.128 GC heap after
Heap after GC invocations=42 (full 13):
 PSYoungGen      total 621056K, used 0K [0x00000000d5580000, 0x0000000100000000, 0x0000000100000000)
  eden space 546304K, 0% used [0x00000000d5580000,0x00000000d5580000,0x00000000f6b00000)
  from space 74752K, 0% used [0x00000000f6b00000,0x00000000f6b00000,0x00000000fb400000)
  to   space 77824K, 0% used [0x00000000fb400000,0x00000000fb400000,0x0000000100000000)
 ParOldGen       total 553472K, used 305047K [0x0000000080000000, 0x00000000a1c80000, 0x00000000d5580000)
  object space 553472K, 55% used [0x0000000080000000,0x00000000929e5c10,0x00000000a1c80000)
 Metaspace       used 175330K, capacity 190937K, committed 191180K, reserved 1216512K
  class space    used 21456K, capacity 24264K, committed 24380K, reserved 1048576K
}

