# JRE version: OpenJDK Runtime Environment (8.0_212-b01) (build 1.8.0_212-8u212-b01-1~deb9u1-b01)
# Java VM: OpenJDK 64-Bit Server VM (25.212-b01 mixed mode linux-amd64 compressed oops)
Heap:
 PSYoungGen      total 468992K, used 66640K [0x00000000d5580000, 0x00000000fec00000, 0x0000000100000000)
  eden space 260608K, 2% used [0x00000000d5580000,0x00000000d5ba9f20,0x00000000e5400000)
  from space 208384K, 28% used [0x00000000f2080000,0x00000000f5b6a158,0x00000000fec00000)
  to   space 208896K, 0% used [0x00000000e5400000,0x00000000e5400000,0x00000000f2000000)
 ParOldGen       total 691200K, used 353861K [0x0000000080000000, 0x00000000aa300000, 0x00000000d5580000)
  object space 691200K, 51% used [0x0000000080000000,0x00000000959915b0,0x00000000aa300000)
 Metaspace       used 230308K, capacity 252457K, committed 252692K, reserved 1271808K
  class space    used 27739K, capacity 31000K, committed 31036K, reserved 1048576K
GC Heap History (10 events):
Event: 1472.923 GC heap before
{Heap before GC invocations=35 (full 5):
 PSYoungGen      total 410624K, used 410458K [0x00000000d5580000, 0x0000000100000000, 0x0000000100000000)
  eden space 266752K, 100% used [0x00000000d5580000,0x00000000e5a00000,0x00000000e5a00000)
  from space 143872K, 99% used [0x00000000e5a00000,0x00000000ee656a10,0x00000000ee680000)
  to   space 219648K, 0% used [0x00000000f2980000,0x00000000f2980000,0x0000000100000000)
 ParOldGen       total 691200K, used 271778K [0x0000000080000000, 0x00000000aa300000, 0x00000000d5580000)
  object space 691200K, 39% used [0x0000000080000000,0x0000000090968a18,0x00000000aa300000)
 Metaspace       used 226882K, capacity 248479K, committed 248724K, reserved 1267712K
  class space    used 27394K, capacity 30628K, committed 30652K, reserved 1048576K
Event: 1472.993 GC heap after
Heap after GC invocations=35 (full 5):
 PSYoungGen      total 473088K, used 145255K [0x00000000d5580000, 0x0000000100000000, 0x0000000100000000)
  eden space 253440K, 0% used [0x00000000d5580000,0x00000000d5580000,0x00000000e4d00000)
  from space 219648K, 66% used [0x00000000f2980000,0x00000000fb759ef0,0x0000000100000000)
  to   space 222720K, 0% used [0x00000000e4d00000,0x00000000e4d00000,0x00000000f2680000)
 ParOldGen       total 691200K, used 271786K [0x0000000080000000, 0x00000000aa300000, 0x00000000d5580000)
  object space 691200K, 39% used [0x0000000080000000,0x000000009096aa18,0x00000000aa300000)
 Metaspace       used 226882K, capacity 248479K, committed 248724K, reserved 1267712K
  class space    used 27394K, capacity 30628K, committed 30652K, reserved 1048576K
}
Event: 1508.226 GC heap before
{Heap before GC invocations=36 (full 5):
 PSYoungGen      total 473088K, used 398695K [0x00000000d5580000, 0x0000000100000000, 0x0000000100000000)
  eden space 253440K, 100% used [0x00000000d5580000,0x00000000e4d00000,0x00000000e4d00000)
  from space 219648K, 66% used [0x00000000f2980000,0x00000000fb759ef0,0x0000000100000000)
  to   space 222720K, 0% used [0x00000000e4d00000,0x00000000e4d00000,0x00000000f2680000)
 ParOldGen       total 691200K, used 271789K [0x0000000080000000, 0x00000000aa300000, 0x00000000d5580000)
  object space 691200K, 39% used [0x0000000080000000,0x000000009096b7c0,0x00000000aa300000)
 Metaspace       used 227232K, capacity 248895K, committed 249108K, reserved 1267712K
  class space    used 27403K, capacity 30660K, committed 30780K, reserved 1048576K
Event: 1508.297 GC heap after
Heap after GC invocations=36 (full 5):
 PSYoungGen      total 398848K, used 145292K [0x00000000d5580000, 0x0000000100000000, 0x0000000100000000)
  eden space 253440K, 0% used [0x00000000d5580000,0x00000000d5580000,0x00000000e4d00000)
  from space 145408K, 99% used [0x00000000e4d00000,0x00000000edae31f0,0x00000000edb00000)
  to   space 224256K, 0% used [0x00000000f2500000,0x00000000f2500000,0x0000000100000000)
 ParOldGen       total 691200K, used 271797K [0x0000000080000000, 0x00000000aa300000, 0x00000000d5580000)
  object space 691200K, 39% used [0x0000000080000000,0x000000009096d7c0,0x00000000aa300000)
 Metaspace       used 227232K, capacity 248895K, committed 249108K, reserved 1267712K
  class space    used 27403K, capacity 30660K, committed 30780K, reserved 1048576K
}
Event: 1594.573 GC heap before
{Heap before GC invocations=37 (full 5):
 PSYoungGen      total 398848K, used 398732K [0x00000000d5580000, 0x0000000100000000, 0x0000000100000000)
  eden space 253440K, 100% used [0x00000000d5580000,0x00000000e4d00000,0x00000000e4d00000)
  from space 145408K, 99% used [0x00000000e4d00000,0x00000000edae31f0,0x00000000edb00000)
  to   space 224256K, 0% used [0x00000000f2500000,0x00000000f2500000,0x0000000100000000)
 ParOldGen       total 691200K, used 271797K [0x0000000080000000, 0x00000000aa300000, 0x00000000d5580000)
  object space 691200K, 39% used [0x0000000080000000,0x000000009096d7c0,0x00000000aa300000)
 Metaspace       used 227432K, capacity 249023K, committed 249364K, reserved 1267712K
  class space    used 27404K, capacity 30660K, committed 30780K, reserved 1048576K
Event: 1594.661 GC heap after
Heap after GC invocations=37 (full 5):
 PSYoungGen      total 471552K, used 97316K [0x00000000d5580000, 0x00000000ff680000, 0x0000000100000000)
  eden space 257024K, 0% used [0x00000000d5580000,0x00000000d5580000,0x00000000e5080000)
  from space 214528K, 45% used [0x00000000f2500000,0x00000000f8409230,0x00000000ff680000)
  to   space 216064K, 0% used [0x00000000e5080000,0x00000000e5080000,0x00000000f2380000)
 ParOldGen       total 691200K, used 321353K [0x0000000080000000, 0x00000000aa300000, 0x00000000d5580000)
  object space 691200K, 46% used [0x0000000080000000,0x00000000939d27d8,0x00000000aa300000)
 Metaspace       used 227432K, capacity 249023K, committed 249364K, reserved 1267712K
  class space    used 27404K, capacity 30660K, committed 30780K, reserved 1048576K
}
Event: 1726.195 GC heap before
{Heap before GC invocations=38 (full 5):
 PSYoungGen      total 471552K, used 354340K [0x00000000d5580000, 0x00000000ff680000, 0x0000000100000000)
  eden space 257024K, 100% used [0x00000000d5580000,0x00000000e5080000,0x00000000e5080000)
  from space 214528K, 45% used [0x00000000f2500000,0x00000000f8409230,0x00000000ff680000)
  to   space 216064K, 0% used [0x00000000e5080000,0x00000000e5080000,0x00000000f2380000)
 ParOldGen       total 691200K, used 321353K [0x0000000080000000, 0x00000000aa300000, 0x00000000d5580000)
  object space 691200K, 46% used [0x0000000080000000,0x00000000939d27d8,0x00000000aa300000)
 Metaspace       used 227482K, capacity 249093K, committed 249364K, reserved 1267712K
  class space    used 27409K, capacity 30661K, committed 30780K, reserved 1048576K
Event: 1726.246 GC heap after
Heap after GC invocations=38 (full 5):
 PSYoungGen      total 341504K, used 84404K [0x00000000d5580000, 0x00000000fee00000, 0x0000000100000000)
  eden space 257024K, 0% used [0x00000000d5580000,0x00000000d5580000,0x00000000e5080000)
  from space 84480K, 99% used [0x00000000e5080000,0x00000000ea2ed3c8,0x00000000ea300000)
  to   space 210432K, 0% used [0x00000000f2080000,0x00000000f2080000,0x00000000fee00000)
 ParOldGen       total 691200K, used 329765K [0x0000000080000000, 0x00000000aa300000, 0x00000000d5580000)
  object space 691200K, 47% used [0x0000000080000000,0x0000000094209408,0x00000000aa300000)
 Metaspace       used 227482K, capacity 249093K, committed 249364K, reserved 1267712K
  class space    used 27409K, capacity 30661K, committed 30780K, reserved 1048576K
}
Event: 1741.060 GC heap before
{Heap before GC invocations=39 (full 5):
 PSYoungGen      total 341504K, used 341428K [0x00000000d5580000, 0x00000000fee00000, 0x0000000100000000)
  eden space 257024K, 100% used [0x00000000d5580000,0x00000000e5080000,0x00000000e5080000)
  from space 84480K, 99% used [0x00000000e5080000,0x00000000ea2ed3c8,0x00000000ea300000)
  to   space 210432K, 0% used [0x00000000f2080000,0x00000000f2080000,0x00000000fee00000)
 ParOldGen       total 691200K, used 329765K [0x0000000080000000, 0x00000000aa300000, 0x00000000d5580000)
  object space 691200K, 47% used [0x0000000080000000,0x0000000094209408,0x00000000aa300000)
 Metaspace       used 230299K, capacity 252457K, committed 252692K, reserved 1271808K
  class space    used 27739K, capacity 31000K, committed 31036K, reserved 1048576K
Event: 1741.114 GC heap after
Heap after GC invocations=39 (full 5):
 PSYoungGen      total 468992K, used 60328K [0x00000000d5580000, 0x00000000fec00000, 0x0000000100000000)
  eden space 260608K, 0% used [0x00000000d5580000,0x00000000d5580000,0x00000000e5400000)
  from space 208384K, 28% used [0x00000000f2080000,0x00000000f5b6a158,0x00000000fec00000)
  to   space 208896K, 0% used [0x00000000e5400000,0x00000000e5400000,0x00000000f2000000)
 ParOldGen       total 691200K, used 353861K [0x0000000080000000, 0x00000000aa300000, 0x00000000d5580000)
  object space 691200K, 51% used [0x0000000080000000,0x00000000959915b0,0x00000000aa300000)
 Metaspace       used 230299K, capacity 252457K, committed 252692K, reserved 1271808K
  class space    used 27739K, capacity 31000K, committed 31036K, reserved 1048576K
}

