# JRE version: OpenJDK Runtime Environment (8.0_212-b01) (build 1.8.0_212-8u212-b01-1~deb9u1-b01)
# Java VM: OpenJDK 64-Bit Server VM (25.212-b01 mixed mode linux-amd64 compressed oops)
Heap:
 PSYoungGen      total 571904K, used 139332K [0x00000000d5580000, 0x0000000100000000, 0x0000000100000000)
  eden space 501248K, 13% used [0x00000000d5580000,0x00000000d98f2768,0x00000000f3f00000)
  from space 70656K, 99% used [0x00000000f3f00000,0x00000000f839eb88,0x00000000f8400000)
  to   space 104448K, 0% used [0x00000000f9a00000,0x00000000f9a00000,0x0000000100000000)
 ParOldGen       total 410624K, used 296712K [0x0000000080000000, 0x0000000099100000, 0x00000000d5580000)
  object space 410624K, 72% used [0x0000000080000000,0x00000000921c2108,0x0000000099100000)
 Metaspace       used 195706K, capacity 216435K, committed 216652K, reserved 1239040K
  class space    used 24075K, capacity 26964K, committed 27008K, reserved 1048576K
GC Heap History (10 events):
Event: 208.144 GC heap before
{Heap before GC invocations=35 (full 11):
 PSYoungGen      total 600064K, used 68367K [0x00000000d5580000, 0x0000000100000000, 0x0000000100000000)
  eden space 501248K, 13% used [0x00000000d5580000,0x00000000d9843d80,0x00000000f3f00000)
  from space 98816K, 0% used [0x00000000f3f00000,0x00000000f3f00000,0x00000000f9f80000)
  to   space 97792K, 0% used [0x00000000fa080000,0x00000000fa080000,0x0000000100000000)
 ParOldGen       total 410624K, used 258412K [0x0000000080000000, 0x0000000099100000, 0x00000000d5580000)
  object space 410624K, 62% used [0x0000000080000000,0x000000008fc5b3a8,0x0000000099100000)
 Metaspace       used 156582K, capacity 170747K, committed 171084K, reserved 1198080K
  class space    used 19171K, capacity 21509K, committed 21632K, reserved 1048576K
Event: 208.156 GC heap after
Heap after GC invocations=35 (full 11):
 PSYoungGen      total 603136K, used 13271K [0x00000000d5580000, 0x0000000100000000, 0x0000000100000000)
  eden space 505344K, 0% used [0x00000000d5580000,0x00000000d5580000,0x00000000f4300000)
  from space 97792K, 13% used [0x00000000fa080000,0x00000000fad75d18,0x0000000100000000)
  to   space 95744K, 0% used [0x00000000f4300000,0x00000000f4300000,0x00000000fa080000)
 ParOldGen       total 410624K, used 258420K [0x0000000080000000, 0x0000000099100000, 0x00000000d5580000)
  object space 410624K, 62% used [0x0000000080000000,0x000000008fc5d3a8,0x0000000099100000)
 Metaspace       used 156582K, capacity 170747K, committed 171084K, reserved 1198080K
  class space    used 19171K, capacity 21509K, committed 21632K, reserved 1048576K
}
Event: 208.156 GC heap before
{Heap before GC invocations=36 (full 12):
 PSYoungGen      total 603136K, used 13271K [0x00000000d5580000, 0x0000000100000000, 0x0000000100000000)
  eden space 505344K, 0% used [0x00000000d5580000,0x00000000d5580000,0x00000000f4300000)
  from space 97792K, 13% used [0x00000000fa080000,0x00000000fad75d18,0x0000000100000000)
  to   space 95744K, 0% used [0x00000000f4300000,0x00000000f4300000,0x00000000fa080000)
 ParOldGen       total 410624K, used 258420K [0x0000000080000000, 0x0000000099100000, 0x00000000d5580000)
  object space 410624K, 62% used [0x0000000080000000,0x000000008fc5d3a8,0x0000000099100000)
 Metaspace       used 156582K, capacity 170747K, committed 171084K, reserved 1198080K
  class space    used 19171K, capacity 21509K, committed 21632K, reserved 1048576K
Event: 208.742 GC heap after
Heap after GC invocations=36 (full 12):
 PSYoungGen      total 603136K, used 0K [0x00000000d5580000, 0x0000000100000000, 0x0000000100000000)
  eden space 505344K, 0% used [0x00000000d5580000,0x00000000d5580000,0x00000000f4300000)
  from space 97792K, 0% used [0x00000000fa080000,0x00000000fa080000,0x0000000100000000)
  to   space 95744K, 0% used [0x00000000f4300000,0x00000000f4300000,0x00000000fa080000)
 ParOldGen       total 410624K, used 264225K [0x0000000080000000, 0x0000000099100000, 0x00000000d5580000)
  object space 410624K, 64% used [0x0000000080000000,0x0000000090208738,0x0000000099100000)
 Metaspace       used 156582K, capacity 170747K, committed 171084K, reserved 1198080K
  class space    used 19171K, capacity 21509K, committed 21632K, reserved 1048576K
}
Event: 216.151 GC heap before
{Heap before GC invocations=37 (full 12):
 PSYoungGen      total 603136K, used 505344K [0x00000000d5580000, 0x0000000100000000, 0x0000000100000000)
  eden space 505344K, 100% used [0x00000000d5580000,0x00000000f4300000,0x00000000f4300000)
  from space 97792K, 0% used [0x00000000fa080000,0x00000000fa080000,0x0000000100000000)
  to   space 95744K, 0% used [0x00000000f4300000,0x00000000f4300000,0x00000000fa080000)
 ParOldGen       total 410624K, used 264225K [0x0000000080000000, 0x0000000099100000, 0x00000000d5580000)
  object space 410624K, 64% used [0x0000000080000000,0x0000000090208738,0x0000000099100000)
 Metaspace       used 168933K, capacity 185183K, committed 185420K, reserved 1212416K
  class space    used 20737K, capacity 23151K, committed 23168K, reserved 1048576K
Event: 216.189 GC heap after
Heap after GC invocations=37 (full 12):
 PSYoungGen      total 601088K, used 52223K [0x00000000d5580000, 0x00000000fff00000, 0x0000000100000000)
  eden space 505344K, 0% used [0x00000000d5580000,0x00000000d5580000,0x00000000f4300000)
  from space 95744K, 54% used [0x00000000f4300000,0x00000000f75ffff0,0x00000000fa080000)
  to   space 96256K, 0% used [0x00000000fa100000,0x00000000fa100000,0x00000000fff00000)
 ParOldGen       total 410624K, used 264233K [0x0000000080000000, 0x0000000099100000, 0x00000000d5580000)
  object space 410624K, 64% used [0x0000000080000000,0x000000009020a738,0x0000000099100000)
 Metaspace       used 168933K, capacity 185183K, committed 185420K, reserved 1212416K
  class space    used 20737K, capacity 23151K, committed 23168K, reserved 1048576K
}
Event: 240.902 GC heap before
{Heap before GC invocations=38 (full 12):
 PSYoungGen      total 601088K, used 557567K [0x00000000d5580000, 0x00000000fff00000, 0x0000000100000000)
  eden space 505344K, 100% used [0x00000000d5580000,0x00000000f4300000,0x00000000f4300000)
  from space 95744K, 54% used [0x00000000f4300000,0x00000000f75ffff0,0x00000000fa080000)
  to   space 96256K, 0% used [0x00000000fa100000,0x00000000fa100000,0x00000000fff00000)
 ParOldGen       total 410624K, used 264233K [0x0000000080000000, 0x0000000099100000, 0x00000000d5580000)
  object space 410624K, 64% used [0x0000000080000000,0x000000009020a738,0x0000000099100000)
 Metaspace       used 189114K, capacity 209047K, committed 209356K, reserved 1232896K
  class space    used 23327K, capacity 26264K, committed 26368K, reserved 1048576K
Event: 240.949 GC heap after
Heap after GC invocations=38 (full 12):
 PSYoungGen      total 597504K, used 58554K [0x00000000d5580000, 0x0000000100000000, 0x0000000100000000)
  eden space 501248K, 0% used [0x00000000d5580000,0x00000000d5580000,0x00000000f3f00000)
  from space 96256K, 60% used [0x00000000fa100000,0x00000000fda2eb50,0x00000000fff00000)
  to   space 98816K, 0% used [0x00000000f3f00000,0x00000000f3f00000,0x00000000f9f80000)
 ParOldGen       total 410624K, used 296704K [0x0000000080000000, 0x0000000099100000, 0x00000000d5580000)
  object space 410624K, 72% used [0x0000000080000000,0x00000000921c0108,0x0000000099100000)
 Metaspace       used 189114K, capacity 209047K, committed 209356K, reserved 1232896K
  class space    used 23327K, capacity 26264K, committed 26368K, reserved 1048576K
}
Event: 675.104 GC heap before
{Heap before GC invocations=39 (full 12):
 PSYoungGen      total 597504K, used 559802K [0x00000000d5580000, 0x0000000100000000, 0x0000000100000000)
  eden space 501248K, 100% used [0x00000000d5580000,0x00000000f3f00000,0x00000000f3f00000)
  from space 96256K, 60% used [0x00000000fa100000,0x00000000fda2eb50,0x00000000fff00000)
  to   space 98816K, 0% used [0x00000000f3f00000,0x00000000f3f00000,0x00000000f9f80000)
 ParOldGen       total 410624K, used 296704K [0x0000000080000000, 0x0000000099100000, 0x00000000d5580000)
  object space 410624K, 72% used [0x0000000080000000,0x00000000921c0108,0x0000000099100000)
 Metaspace       used 194774K, capacity 215103K, committed 215244K, reserved 1236992K
  class space    used 23953K, capacity 26857K, committed 26880K, reserved 1048576K
Event: 675.146 GC heap after
Heap after GC invocations=39 (full 12):
 PSYoungGen      total 571904K, used 70266K [0x00000000d5580000, 0x0000000100000000, 0x0000000100000000)
  eden space 501248K, 0% used [0x00000000d5580000,0x00000000d5580000,0x00000000f3f00000)
  from space 70656K, 99% used [0x00000000f3f00000,0x00000000f839eb88,0x00000000f8400000)
  to   space 104448K, 0% used [0x00000000f9a00000,0x00000000f9a00000,0x0000000100000000)
 ParOldGen       total 410624K, used 296712K [0x0000000080000000, 0x0000000099100000, 0x00000000d5580000)
  object space 410624K, 72% used [0x0000000080000000,0x00000000921c2108,0x0000000099100000)
 Metaspace       used 194774K, capacity 215103K, committed 215244K, reserved 1236992K
  class space    used 23953K, capacity 26857K, committed 26880K, reserved 1048576K
}

